<?xml version="1.0" encoding="UTF-8"?>
<!-- Generated by org.testng.reporters.JUnitReportReporter -->
<testsuite hostname="SanketMali-C02DCPMGML7H" failures="0" tests="1" name="com.browserstack.ProdTest" time="170.285" errors="0" timestamp="2023-02-21T14:40:13 IST" skipped="0">
  <testcase classname="com.browserstack.ProdTest" name="test" time="170.285"/>
  <system-out/>
</testsuite> <!-- com.browserstack.ProdTest -->
